<?xml version="1.0" encoding="UTF-8"?>
<!-- Generated by org.testng.reporters.JUnitReportReporter -->
<testsuite skipped="0" hostname="lenovo" name="com.inetBanking.testCases.TC_AddNewCustomer003" tests="1" failures="0" timestamp="15 Aug 2020 09:02:29 GMT" time="8.824" errors="0">
  <testcase name="addNewCustomer" time="8.824" classname="com.inetBanking.testCases.TC_AddNewCustomer003"/>
</testsuite> <!-- com.inetBanking.testCases.TC_AddNewCustomer003 -->
