<?xml version="1.0" encoding="UTF-8"?>
<!-- Generated by org.testng.reporters.JUnitReportReporter -->
<testsuite skipped="0" hostname="lenovo" name="com.inetBanking.testCases.TC_LoginTest001" tests="1" failures="0" timestamp="08 Aug 2020 16:44:11 GMT" time="5.216" errors="0">
  <testcase name="loginTest" time="5.216" classname="com.inetBanking.testCases.TC_LoginTest001"/>
</testsuite> <!-- com.inetBanking.testCases.TC_LoginTest001 -->
